Classic Timing Analyzer report for 31
Wed Mar 02 10:17:24 2022
Quartus II Version 8.1 Build 163 10/28/2008 SJ Web Edition


---------------------
; Table of Contents ;
---------------------
  1. Legal Notice
  2. Timing Analyzer Summary
  3. Timing Analyzer Settings
  4. Clock Settings Summary
  5. Clock Setup: 'Button'
  6. tsu
  7. tco
  8. th
  9. Timing Analyzer Messages



----------------
; Legal Notice ;
----------------
Copyright (C) 1991-2008 Altera Corporation
Your use of Altera Corporation's design tools, logic functions 
and other software and tools, and its AMPP partner logic 
functions, and any output files from any of the foregoing 
(including device programming or simulation files), and any 
associated documentation or information are expressly subject 
to the terms and conditions of the Altera Program License 
Subscription Agreement, Altera MegaCore Function License 
Agreement, or other applicable license agreement, including, 
without limitation, that your use is for the sole purpose of 
programming logic devices manufactured by Altera and sold by 
Altera or its authorized distributors.  Please refer to the 
applicable agreement for further details.



+------------------------------------------------------------------------------------------------------------------------------------------------------------+
; Timing Analyzer Summary                                                                                                                                    ;
+------------------------------+-------+---------------+------------------------------------------------+------+------+------------+----------+--------------+
; Type                         ; Slack ; Required Time ; Actual Time                                    ; From ; To   ; From Clock ; To Clock ; Failed Paths ;
+------------------------------+-------+---------------+------------------------------------------------+------+------+------------+----------+--------------+
; Worst-case tsu               ; N/A   ; None          ; 4.972 ns                                       ; R    ; inst ; --         ; Button   ; 0            ;
; Worst-case tco               ; N/A   ; None          ; 9.860 ns                                       ; inst ; Q    ; Button     ; --       ; 0            ;
; Worst-case th                ; N/A   ; None          ; -4.669 ns                                      ; S    ; inst ; --         ; Button   ; 0            ;
; Clock Setup: 'Button'        ; N/A   ; None          ; Restricted to 275.03 MHz ( period = 3.636 ns ) ; inst ; inst ; Button     ; Button   ; 0            ;
; Total number of failed paths ;       ;               ;                                                ;      ;      ;            ;          ; 0            ;
+------------------------------+-------+---------------+------------------------------------------------+------+------+------------+----------+--------------+


+--------------------------------------------------------------------------------------------------------------------+
; Timing Analyzer Settings                                                                                           ;
+---------------------------------------------------------------------+--------------------+------+----+-------------+
; Option                                                              ; Setting            ; From ; To ; Entity Name ;
+---------------------------------------------------------------------+--------------------+------+----+-------------+
; Device Name                                                         ; EP1C3T144C8        ;      ;    ;             ;
; Timing Models                                                       ; Final              ;      ;    ;             ;
; Default hold multicycle                                             ; Same as Multicycle ;      ;    ;             ;
; Cut paths between unrelated clock domains                           ; On                 ;      ;    ;             ;
; Cut off read during write signal paths                              ; On                 ;      ;    ;             ;
; Cut off feedback from I/O pins                                      ; On                 ;      ;    ;             ;
; Report Combined Fast/Slow Timing                                    ; Off                ;      ;    ;             ;
; Ignore Clock Settings                                               ; Off                ;      ;    ;             ;
; Analyze latches as synchronous elements                             ; On                 ;      ;    ;             ;
; Enable Recovery/Removal analysis                                    ; Off                ;      ;    ;             ;
; Enable Clock Latency                                                ; Off                ;      ;    ;             ;
; Use TimeQuest Timing Analyzer                                       ; Off                ;      ;    ;             ;
; Minimum Core Junction Temperature                                   ; 0                  ;      ;    ;             ;
; Maximum Core Junction Temperature                                   ; 85                 ;      ;    ;             ;
; Number of source nodes to report per destination node               ; 10                 ;      ;    ;             ;
; Number of destination nodes to report                               ; 10                 ;      ;    ;             ;
; Number of paths to report                                           ; 200                ;      ;    ;             ;
; Report Minimum Timing Checks                                        ; Off                ;      ;    ;             ;
; Use Fast Timing Models                                              ; Off                ;      ;    ;             ;
; Report IO Paths Separately                                          ; Off                ;      ;    ;             ;
; Perform Multicorner Analysis                                        ; Off                ;      ;    ;             ;
; Reports the worst-case path for each clock domain and analysis      ; Off                ;      ;    ;             ;
; Removes common clock path pessimism (CCPP) during slack computation ; Off                ;      ;    ;             ;
; Output I/O Timing Endpoint                                          ; Near End           ;      ;    ;             ;
+---------------------------------------------------------------------+--------------------+------+----+-------------+


+------------------------------------------------------------------------------------------------------------------------------------------------------------------------------------+
; Clock Settings Summary                                                                                                                                                             ;
+-----------------+--------------------+----------+------------------+---------------+--------------+----------+-----------------------+---------------------+--------+--------------+
; Clock Node Name ; Clock Setting Name ; Type     ; Fmax Requirement ; Early Latency ; Late Latency ; Based on ; Multiply Base Fmax by ; Divide Base Fmax by ; Offset ; Phase offset ;
+-----------------+--------------------+----------+------------------+---------------+--------------+----------+-----------------------+---------------------+--------+--------------+
; Button          ;                    ; User Pin ; None             ; 0.000 ns      ; 0.000 ns     ; --       ; N/A                   ; N/A                 ; N/A    ;              ;
+-----------------+--------------------+----------+------------------+---------------+--------------+----------+-----------------------+---------------------+--------+--------------+


+----------------------------------------------------------------------------------------------------------------------------------------------------------------------------------+
; Clock Setup: 'Button'                                                                                                                                                            ;
+-------+------------------------------------------------+------+------+------------+----------+-----------------------------+---------------------------+-------------------------+
; Slack ; Actual fmax (period)                           ; From ; To   ; From Clock ; To Clock ; Required Setup Relationship ; Required Longest P2P Time ; Actual Longest P2P Time ;
+-------+------------------------------------------------+------+------+------------+----------+-----------------------------+---------------------------+-------------------------+
; N/A   ; Restricted to 275.03 MHz ( period = 3.636 ns ) ; inst ; inst ; Button     ; Button   ; None                        ; None                      ; 0.823 ns                ;
+-------+------------------------------------------------+------+------+------------+----------+-----------------------------+---------------------------+-------------------------+


+------------------------------------------------------------+
; tsu                                                        ;
+-------+--------------+------------+------+------+----------+
; Slack ; Required tsu ; Actual tsu ; From ; To   ; To Clock ;
+-------+--------------+------------+------+------+----------+
; N/A   ; None         ; 4.972 ns   ; R    ; inst ; Button   ;
; N/A   ; None         ; 4.721 ns   ; S    ; inst ; Button   ;
+-------+--------------+------------+------+------+----------+


+------------------------------------------------------------+
; tco                                                        ;
+-------+--------------+------------+------+----+------------+
; Slack ; Required tco ; Actual tco ; From ; To ; From Clock ;
+-------+--------------+------------+------+----+------------+
; N/A   ; None         ; 9.860 ns   ; inst ; Q  ; Button     ;
+-------+--------------+------------+------+----+------------+


+------------------------------------------------------------------+
; th                                                               ;
+---------------+-------------+-----------+------+------+----------+
; Minimum Slack ; Required th ; Actual th ; From ; To   ; To Clock ;
+---------------+-------------+-----------+------+------+----------+
; N/A           ; None        ; -4.669 ns ; S    ; inst ; Button   ;
; N/A           ; None        ; -4.920 ns ; R    ; inst ; Button   ;
+---------------+-------------+-----------+------+------+----------+


+--------------------------+
; Timing Analyzer Messages ;
+--------------------------+
Info: *******************************************************************
Info: Running Quartus II Classic Timing Analyzer
    Info: Version 8.1 Build 163 10/28/2008 SJ Web Edition
    Info: Processing started: Wed Mar 02 10:17:24 2022
Info: Command: quartus_tan --read_settings_files=off --write_settings_files=off 31 -c 31 --timing_analysis_only
Warning: Found pins functioning as undefined clocks and/or memory enables
    Info: Assuming node "Button" is an undefined clock
Info: Clock "Button" Internal fmax is restricted to 275.03 MHz between source register "inst" and destination register "inst"
    Info: fmax restricted to Clock High delay (1.818 ns) plus Clock Low delay (1.818 ns) : restricted to 3.636 ns. Expand message to see actual delay path.
        Info: + Longest register to register delay is 0.823 ns
            Info: 1: + IC(0.000 ns) + CELL(0.000 ns) = 0.000 ns; Loc. = LC_X3_Y1_N3; Fanout = 2; REG Node = 'inst'
            Info: 2: + IC(0.514 ns) + CELL(0.309 ns) = 0.823 ns; Loc. = LC_X3_Y1_N3; Fanout = 2; REG Node = 'inst'
            Info: Total cell delay = 0.309 ns ( 37.55 % )
            Info: Total interconnect delay = 0.514 ns ( 62.45 % )
        Info: - Smallest clock skew is 0.000 ns
            Info: + Shortest clock path from clock "Button" to destination register is 3.460 ns
                Info: 1: + IC(0.000 ns) + CELL(1.475 ns) = 1.475 ns; Loc. = PIN_37; Fanout = 1; CLK Node = 'Button'
                Info: 2: + IC(1.274 ns) + CELL(0.711 ns) = 3.460 ns; Loc. = LC_X3_Y1_N3; Fanout = 2; REG Node = 'inst'
                Info: Total cell delay = 2.186 ns ( 63.18 % )
                Info: Total interconnect delay = 1.274 ns ( 36.82 % )
            Info: - Longest clock path from clock "Button" to source register is 3.460 ns
                Info: 1: + IC(0.000 ns) + CELL(1.475 ns) = 1.475 ns; Loc. = PIN_37; Fanout = 1; CLK Node = 'Button'
                Info: 2: + IC(1.274 ns) + CELL(0.711 ns) = 3.460 ns; Loc. = LC_X3_Y1_N3; Fanout = 2; REG Node = 'inst'
                Info: Total cell delay = 2.186 ns ( 63.18 % )
                Info: Total interconnect delay = 1.274 ns ( 36.82 % )
        Info: + Micro clock to output delay of source is 0.224 ns
        Info: + Micro setup delay of destination is 0.037 ns
Info: tsu for register "inst" (data pin = "R", clock pin = "Button") is 4.972 ns
    Info: + Longest pin to register delay is 8.395 ns
        Info: 1: + IC(0.000 ns) + CELL(1.475 ns) = 1.475 ns; Loc. = PIN_56; Fanout = 1; PIN Node = 'R'
        Info: 2: + IC(6.182 ns) + CELL(0.738 ns) = 8.395 ns; Loc. = LC_X3_Y1_N3; Fanout = 2; REG Node = 'inst'
        Info: Total cell delay = 2.213 ns ( 26.36 % )
        Info: Total interconnect delay = 6.182 ns ( 73.64 % )
    Info: + Micro setup delay of destination is 0.037 ns
    Info: - Shortest clock path from clock "Button" to destination register is 3.460 ns
        Info: 1: + IC(0.000 ns) + CELL(1.475 ns) = 1.475 ns; Loc. = PIN_37; Fanout = 1; CLK Node = 'Button'
        Info: 2: + IC(1.274 ns) + CELL(0.711 ns) = 3.460 ns; Loc. = LC_X3_Y1_N3; Fanout = 2; REG Node = 'inst'
        Info: Total cell delay = 2.186 ns ( 63.18 % )
        Info: Total interconnect delay = 1.274 ns ( 36.82 % )
Info: tco from clock "Button" to destination pin "Q" through register "inst" is 9.860 ns
    Info: + Longest clock path from clock "Button" to source register is 3.460 ns
        Info: 1: + IC(0.000 ns) + CELL(1.475 ns) = 1.475 ns; Loc. = PIN_37; Fanout = 1; CLK Node = 'Button'
        Info: 2: + IC(1.274 ns) + CELL(0.711 ns) = 3.460 ns; Loc. = LC_X3_Y1_N3; Fanout = 2; REG Node = 'inst'
        Info: Total cell delay = 2.186 ns ( 63.18 % )
        Info: Total interconnect delay = 1.274 ns ( 36.82 % )
    Info: + Micro clock to output delay of source is 0.224 ns
    Info: + Longest register to pin delay is 6.176 ns
        Info: 1: + IC(0.000 ns) + CELL(0.000 ns) = 0.000 ns; Loc. = LC_X3_Y1_N3; Fanout = 2; REG Node = 'inst'
        Info: 2: + IC(4.068 ns) + CELL(2.108 ns) = 6.176 ns; Loc. = PIN_121; Fanout = 0; PIN Node = 'Q'
        Info: Total cell delay = 2.108 ns ( 34.13 % )
        Info: Total interconnect delay = 4.068 ns ( 65.87 % )
Info: th for register "inst" (data pin = "S", clock pin = "Button") is -4.669 ns
    Info: + Longest clock path from clock "Button" to destination register is 3.460 ns
        Info: 1: + IC(0.000 ns) + CELL(1.475 ns) = 1.475 ns; Loc. = PIN_37; Fanout = 1; CLK Node = 'Button'
        Info: 2: + IC(1.274 ns) + CELL(0.711 ns) = 3.460 ns; Loc. = LC_X3_Y1_N3; Fanout = 2; REG Node = 'inst'
        Info: Total cell delay = 2.186 ns ( 63.18 % )
        Info: Total interconnect delay = 1.274 ns ( 36.82 % )
    Info: + Micro hold delay of destination is 0.015 ns
    Info: - Shortest pin to register delay is 8.144 ns
        Info: 1: + IC(0.000 ns) + CELL(1.475 ns) = 1.475 ns; Loc. = PIN_55; Fanout = 1; PIN Node = 'S'
        Info: 2: + IC(6.191 ns) + CELL(0.478 ns) = 8.144 ns; Loc. = LC_X3_Y1_N3; Fanout = 2; REG Node = 'inst'
        Info: Total cell delay = 1.953 ns ( 23.98 % )
        Info: Total interconnect delay = 6.191 ns ( 76.02 % )
Info: Quartus II Classic Timing Analyzer was successful. 0 errors, 1 warning
    Info: Peak virtual memory: 180 megabytes
    Info: Processing ended: Wed Mar 02 10:17:24 2022
    Info: Elapsed time: 00:00:00
    Info: Total CPU time (on all processors): 00:00:00


