Classic Timing Analyzer report for 31
Wed Mar 02 10:20:54 2022
Quartus II Version 8.1 Build 163 10/28/2008 SJ Web Edition


---------------------
; Table of Contents ;
---------------------
  1. Legal Notice
  2. Timing Analyzer Summary
  3. Timing Analyzer Settings
  4. Clock Settings Summary
  5. tsu
  6. tco
  7. th
  8. Timing Analyzer Messages



----------------
; Legal Notice ;
----------------
Copyright (C) 1991-2008 Altera Corporation
Your use of Altera Corporation's design tools, logic functions 
and other software and tools, and its AMPP partner logic 
functions, and any output files from any of the foregoing 
(including device programming or simulation files), and any 
associated documentation or information are expressly subject 
to the terms and conditions of the Altera Program License 
Subscription Agreement, Altera MegaCore Function License 
Agreement, or other applicable license agreement, including, 
without limitation, that your use is for the sole purpose of 
programming logic devices manufactured by Altera and sold by 
Altera or its authorized distributors.  Please refer to the 
applicable agreement for further details.



+-------------------------------------------------------------------------------------------------------------------------+
; Timing Analyzer Summary                                                                                                 ;
+------------------------------+-------+---------------+-------------+------+------+------------+----------+--------------+
; Type                         ; Slack ; Required Time ; Actual Time ; From ; To   ; From Clock ; To Clock ; Failed Paths ;
+------------------------------+-------+---------------+-------------+------+------+------------+----------+--------------+
; Worst-case tsu               ; N/A   ; None          ; 3.947 ns    ; D    ; inst ; --         ; Button   ; 0            ;
; Worst-case tco               ; N/A   ; None          ; 10.071 ns   ; inst ; Q    ; Button     ; --       ; 0            ;
; Worst-case th                ; N/A   ; None          ; -3.895 ns   ; D    ; inst ; --         ; Button   ; 0            ;
; Total number of failed paths ;       ;               ;             ;      ;      ;            ;          ; 0            ;
+------------------------------+-------+---------------+-------------+------+------+------------+----------+--------------+


+--------------------------------------------------------------------------------------------------------------------+
; Timing Analyzer Settings                                                                                           ;
+---------------------------------------------------------------------+--------------------+------+----+-------------+
; Option                                                              ; Setting            ; From ; To ; Entity Name ;
+---------------------------------------------------------------------+--------------------+------+----+-------------+
; Device Name                                                         ; EP1C3T144C8        ;      ;    ;             ;
; Timing Models                                                       ; Final              ;      ;    ;             ;
; Default hold multicycle                                             ; Same as Multicycle ;      ;    ;             ;
; Cut paths between unrelated clock domains                           ; On                 ;      ;    ;             ;
; Cut off read during write signal paths                              ; On                 ;      ;    ;             ;
; Cut off feedback from I/O pins                                      ; On                 ;      ;    ;             ;
; Report Combined Fast/Slow Timing                                    ; Off                ;      ;    ;             ;
; Ignore Clock Settings                                               ; Off                ;      ;    ;             ;
; Analyze latches as synchronous elements                             ; On                 ;      ;    ;             ;
; Enable Recovery/Removal analysis                                    ; Off                ;      ;    ;             ;
; Enable Clock Latency                                                ; Off                ;      ;    ;             ;
; Use TimeQuest Timing Analyzer                                       ; Off                ;      ;    ;             ;
; Minimum Core Junction Temperature                                   ; 0                  ;      ;    ;             ;
; Maximum Core Junction Temperature                                   ; 85                 ;      ;    ;             ;
; Number of source nodes to report per destination node               ; 10                 ;      ;    ;             ;
; Number of destination nodes to report                               ; 10                 ;      ;    ;             ;
; Number of paths to report                                           ; 200                ;      ;    ;             ;
; Report Minimum Timing Checks                                        ; Off                ;      ;    ;             ;
; Use Fast Timing Models                                              ; Off                ;      ;    ;             ;
; Report IO Paths Separately                                          ; Off                ;      ;    ;             ;
; Perform Multicorner Analysis                                        ; Off                ;      ;    ;             ;
; Reports the worst-case path for each clock domain and analysis      ; Off                ;      ;    ;             ;
; Removes common clock path pessimism (CCPP) during slack computation ; Off                ;      ;    ;             ;
; Output I/O Timing Endpoint                                          ; Near End           ;      ;    ;             ;
+---------------------------------------------------------------------+--------------------+------+----+-------------+


+------------------------------------------------------------------------------------------------------------------------------------------------------------------------------------+
; Clock Settings Summary                                                                                                                                                             ;
+-----------------+--------------------+----------+------------------+---------------+--------------+----------+-----------------------+---------------------+--------+--------------+
; Clock Node Name ; Clock Setting Name ; Type     ; Fmax Requirement ; Early Latency ; Late Latency ; Based on ; Multiply Base Fmax by ; Divide Base Fmax by ; Offset ; Phase offset ;
+-----------------+--------------------+----------+------------------+---------------+--------------+----------+-----------------------+---------------------+--------+--------------+
; Button          ;                    ; User Pin ; None             ; 0.000 ns      ; 0.000 ns     ; --       ; N/A                   ; N/A                 ; N/A    ;              ;
+-----------------+--------------------+----------+------------------+---------------+--------------+----------+-----------------------+---------------------+--------+--------------+


+------------------------------------------------------------+
; tsu                                                        ;
+-------+--------------+------------+------+------+----------+
; Slack ; Required tsu ; Actual tsu ; From ; To   ; To Clock ;
+-------+--------------+------------+------+------+----------+
; N/A   ; None         ; 3.947 ns   ; D    ; inst ; Button   ;
+-------+--------------+------------+------+------+----------+


+------------------------------------------------------------+
; tco                                                        ;
+-------+--------------+------------+------+----+------------+
; Slack ; Required tco ; Actual tco ; From ; To ; From Clock ;
+-------+--------------+------------+------+----+------------+
; N/A   ; None         ; 10.071 ns  ; inst ; Q  ; Button     ;
+-------+--------------+------------+------+----+------------+


+------------------------------------------------------------------+
; th                                                               ;
+---------------+-------------+-----------+------+------+----------+
; Minimum Slack ; Required th ; Actual th ; From ; To   ; To Clock ;
+---------------+-------------+-----------+------+------+----------+
; N/A           ; None        ; -3.895 ns ; D    ; inst ; Button   ;
+---------------+-------------+-----------+------+------+----------+


+--------------------------+
; Timing Analyzer Messages ;
+--------------------------+
Info: *******************************************************************
Info: Running Quartus II Classic Timing Analyzer
    Info: Version 8.1 Build 163 10/28/2008 SJ Web Edition
    Info: Processing started: Wed Mar 02 10:20:54 2022
Info: Command: quartus_tan --read_settings_files=off --write_settings_files=off 31 -c 31 --timing_analysis_only
Warning: Found pins functioning as undefined clocks and/or memory enables
    Info: Assuming node "Button" is an undefined clock
Info: No valid register-to-register data paths exist for clock "Button"
Info: tsu for register "inst" (data pin = "D", clock pin = "Button") is 3.947 ns
    Info: + Longest pin to register delay is 7.689 ns
        Info: 1: + IC(0.000 ns) + CELL(1.475 ns) = 1.475 ns; Loc. = PIN_56; Fanout = 1; PIN Node = 'D'
        Info: 2: + IC(6.099 ns) + CELL(0.115 ns) = 7.689 ns; Loc. = LC_X5_Y1_N2; Fanout = 1; REG Node = 'inst'
        Info: Total cell delay = 1.590 ns ( 20.68 % )
        Info: Total interconnect delay = 6.099 ns ( 79.32 % )
    Info: + Micro setup delay of destination is 0.037 ns
    Info: - Shortest clock path from clock "Button" to destination register is 3.779 ns
        Info: 1: + IC(0.000 ns) + CELL(1.475 ns) = 1.475 ns; Loc. = PIN_37; Fanout = 1; CLK Node = 'Button'
        Info: 2: + IC(1.593 ns) + CELL(0.711 ns) = 3.779 ns; Loc. = LC_X5_Y1_N2; Fanout = 1; REG Node = 'inst'
        Info: Total cell delay = 2.186 ns ( 57.85 % )
        Info: Total interconnect delay = 1.593 ns ( 42.15 % )
Info: tco from clock "Button" to destination pin "Q" through register "inst" is 10.071 ns
    Info: + Longest clock path from clock "Button" to source register is 3.779 ns
        Info: 1: + IC(0.000 ns) + CELL(1.475 ns) = 1.475 ns; Loc. = PIN_37; Fanout = 1; CLK Node = 'Button'
        Info: 2: + IC(1.593 ns) + CELL(0.711 ns) = 3.779 ns; Loc. = LC_X5_Y1_N2; Fanout = 1; REG Node = 'inst'
        Info: Total cell delay = 2.186 ns ( 57.85 % )
        Info: Total interconnect delay = 1.593 ns ( 42.15 % )
    Info: + Micro clock to output delay of source is 0.224 ns
    Info: + Longest register to pin delay is 6.068 ns
        Info: 1: + IC(0.000 ns) + CELL(0.000 ns) = 0.000 ns; Loc. = LC_X5_Y1_N2; Fanout = 1; REG Node = 'inst'
        Info: 2: + IC(3.960 ns) + CELL(2.108 ns) = 6.068 ns; Loc. = PIN_121; Fanout = 0; PIN Node = 'Q'
        Info: Total cell delay = 2.108 ns ( 34.74 % )
        Info: Total interconnect delay = 3.960 ns ( 65.26 % )
Info: th for register "inst" (data pin = "D", clock pin = "Button") is -3.895 ns
    Info: + Longest clock path from clock "Button" to destination register is 3.779 ns
        Info: 1: + IC(0.000 ns) + CELL(1.475 ns) = 1.475 ns; Loc. = PIN_37; Fanout = 1; CLK Node = 'Button'
        Info: 2: + IC(1.593 ns) + CELL(0.711 ns) = 3.779 ns; Loc. = LC_X5_Y1_N2; Fanout = 1; REG Node = 'inst'
        Info: Total cell delay = 2.186 ns ( 57.85 % )
        Info: Total interconnect delay = 1.593 ns ( 42.15 % )
    Info: + Micro hold delay of destination is 0.015 ns
    Info: - Shortest pin to register delay is 7.689 ns
        Info: 1: + IC(0.000 ns) + CELL(1.475 ns) = 1.475 ns; Loc. = PIN_56; Fanout = 1; PIN Node = 'D'
        Info: 2: + IC(6.099 ns) + CELL(0.115 ns) = 7.689 ns; Loc. = LC_X5_Y1_N2; Fanout = 1; REG Node = 'inst'
        Info: Total cell delay = 1.590 ns ( 20.68 % )
        Info: Total interconnect delay = 6.099 ns ( 79.32 % )
Info: Quartus II Classic Timing Analyzer was successful. 0 errors, 1 warning
    Info: Peak virtual memory: 179 megabytes
    Info: Processing ended: Wed Mar 02 10:20:54 2022
    Info: Elapsed time: 00:00:00
    Info: Total CPU time (on all processors): 00:00:00


